<?xml version="1.0" encoding="UTF-8"?>
<!-- Generated by org.testng.reporters.JUnitReportReporter -->
<testsuite skipped="0" hostname="DESKTOP-5VVJH30" name="com.hrms.testcases.LeaveListPageTest" tests="2" failures="0" timestamp="2020-01-24T21:44:36 EST" time="31.734" errors="0">
  <testcase name="leaveLabelvalidation" time="15.525" classname="com.hrms.testcases.LeaveListPageTest"/>
  <testcase name="leaveLabelvalidation1" time="16.209" classname="com.hrms.testcases.LeaveListPageTest"/>
</testsuite> <!-- com.hrms.testcases.LeaveListPageTest -->
