<?xml version="1.0" encoding="UTF-8"?>
<!-- Generated by org.testng.reporters.JUnitReportReporter -->
<testsuite skipped="0" hostname="DESKTOP-5VVJH30" name="com.hrms.testcases.LoginPageTest" tests="1" failures="0" timestamp="2020-01-24T21:44:36 EST" time="10.402" errors="0">
  <testcase name="negativeLogin" time="10.402" classname="com.hrms.testcases.LoginPageTest"/>
</testsuite> <!-- com.hrms.testcases.LoginPageTest -->
